{
  "stats": {
    "suites": 1,
    "tests": 1,
    "passes": 1,
    "pending": 0,
    "failures": 0,
    "start": "2021-11-03T22:08:22.992Z",
    "end": "2021-11-03T22:08:28.521Z",
    "duration": 5529,
    "testsRegistered": 1,
    "passPercent": 100,
    "pendingPercent": 0,
    "other": 0,
    "hasOther": false,
    "skipped": 0,
    "hasSkipped": false
  },
  "results": [
    {
      "uuid": "dd5795ce-1752-47bc-9311-c16b898e0155",
      "title": "",
      "fullFile": "cypress/TestesDesafio/PreenchimentoArtigo.spec.js",
      "file": "cypress/TestesDesafio/PreenchimentoArtigo.spec.js",
      "beforeHooks": [],
      "afterHooks": [],
      "tests": [],
      "suites": [
        {
          "uuid": "4fa0515e-0084-4e65-9c47-83364261e7e5",
          "title": "Artigo",
          "fullFile": "",
          "file": "",
          "beforeHooks": [],
          "afterHooks": [],
          "tests": [
            {
              "title": "Validação de um novo cadastro de artigo com sucesso",
              "fullTitle": "Artigo Validação de um novo cadastro de artigo com sucesso",
              "timedOut": null,
              "duration": 5431,
              "state": "passed",
              "speed": "slow",
              "pass": true,
              "fail": false,
              "pending": false,
              "context": null,
              "code": "// fluxo de criação de formulário\n_artigo.default.AcessarOForulario(); //criação do formulário\n\n_artigo.default.preencherFormulario(); //confirmar o formulário clicando no botão de confirmar\n\n_artigo.default.submeterFormulario(); //verifica se o artigo foi criado.\n\n_artigo.default.VerificarArtigoCriado();",
              "err": {},
              "uuid": "ce038f18-292a-4917-a811-b03b8bbfaadb",
              "parentUUID": "4fa0515e-0084-4e65-9c47-83364261e7e5",
              "isHook": false,
              "skipped": false
            }
          ],
          "suites": [],
          "passes": [
            "ce038f18-292a-4917-a811-b03b8bbfaadb"
          ],
          "failures": [],
          "pending": [],
          "skipped": [],
          "duration": 5431,
          "root": false,
          "rootEmpty": false,
          "_timeout": 2000
        }
      ],
      "passes": [],
      "failures": [],
      "pending": [],
      "skipped": [],
      "duration": 0,
      "root": true,
      "rootEmpty": true,
      "_timeout": 2000
    }
  ],
  "meta": {
    "mocha": {
      "version": "7.0.1"
    },
    "mochawesome": {
      "options": {
        "quiet": true,
        "reportFilename": "mochawesome",
        "saveHtml": false,
        "saveJson": true,
        "consoleReporter": "spec",
        "useInlineDiffs": false,
        "code": true
      },
      "version": "6.3.1"
    },
    "marge": {
      "options": {
        "id": "default",
        "reportDir": "mochawesome-report",
        "quiet": true,
        "overwrite": false,
        "html": false,
        "json": true
      },
      "version": "5.2.0"
    }
  }
}