{
  "stats": {
    "suites": 1,
    "tests": 3,
    "passes": 3,
    "pending": 0,
    "failures": 0,
    "start": "2021-11-03T22:08:31.935Z",
    "end": "2021-11-03T22:08:33.681Z",
    "duration": 1746,
    "testsRegistered": 3,
    "passPercent": 100,
    "pendingPercent": 0,
    "other": 0,
    "hasOther": false,
    "skipped": 0,
    "hasSkipped": false
  },
  "results": [
    {
      "uuid": "af9a2d3d-29bc-4e7a-9be6-62ea91aa23ca",
      "title": "",
      "fullFile": "cypress/TestesDesafio/ValidacaoLogin.spec.js",
      "file": "cypress/TestesDesafio/ValidacaoLogin.spec.js",
      "beforeHooks": [],
      "afterHooks": [],
      "tests": [],
      "suites": [
        {
          "uuid": "69a4e059-26e4-4e61-8c56-12c81865758b",
          "title": "Validacao_Login",
          "fullFile": "",
          "file": "",
          "beforeHooks": [],
          "afterHooks": [],
          "tests": [
            {
              "title": "Teste de validação se está passando o login, mas não está passando a senha.",
              "fullTitle": "Validacao_Login Teste de validação se está passando o login, mas não está passando a senha.",
              "timedOut": null,
              "duration": 995,
              "state": "passed",
              "speed": "slow",
              "pass": true,
              "fail": false,
              "pending": false,
              "context": null,
              "code": "cy.request({\n  url: 'Request URL: https://api.realworld.io/api/users/login',\n  method: 'POST',\n  body: {\n    \"user\": {\n      \"email\": \"teste@mail.com\"\n    }\n  },\n  failOnStatusCode: false\n}).then(response => {\n  console.log(response.body.code);\n});",
              "err": {},
              "uuid": "14dcb26f-b4a0-4327-8eb2-5c836acba0da",
              "parentUUID": "69a4e059-26e4-4e61-8c56-12c81865758b",
              "isHook": false,
              "skipped": false
            },
            {
              "title": "Teste de validação se a senha está sendo passado, mas o email está em branco",
              "fullTitle": "Validacao_Login Teste de validação se a senha está sendo passado, mas o email está em branco",
              "timedOut": null,
              "duration": 36,
              "state": "passed",
              "speed": "fast",
              "pass": true,
              "fail": false,
              "pending": false,
              "context": null,
              "code": "cy.request({\n  url: 'Request URL: https://api.realworld.io/api/users/login',\n  method: 'POST',\n  body: {\n    \"user\": {\n      \"email\": \"\",\n      \"password\": \"123456\"\n    }\n  },\n  failOnStatusCode: false\n}).then(response => {\n  console.log(response.body);\n});",
              "err": {},
              "uuid": "58f0435f-b5d5-47a5-b1f2-2dc42f208ddb",
              "parentUUID": "69a4e059-26e4-4e61-8c56-12c81865758b",
              "isHook": false,
              "skipped": false
            },
            {
              "title": "Teste de acesso realizado com sucesso.",
              "fullTitle": "Validacao_Login Teste de acesso realizado com sucesso.",
              "timedOut": null,
              "duration": 696,
              "state": "passed",
              "speed": "slow",
              "pass": true,
              "fail": false,
              "pending": false,
              "context": null,
              "code": "cy.request({\n  url: 'https://api.realworld.io/api/users/login',\n  method: 'POST',\n  body: {\n    \"user\": {\n      \"email\": \"testecadastrodesafio@mail.com\",\n      \"password\": \"123456\"\n    }\n  }\n}).then(response => {\n  console.log(response.body.user.token);\n  window.localStorage.setItem('jwtToken', response.body.user.token);\n});\ncy.visit('/');\ncy.contains('No articles are here... yet.').should('be.visible');",
              "err": {},
              "uuid": "e96d92ac-a3a5-407a-bdb0-09c3061d4137",
              "parentUUID": "69a4e059-26e4-4e61-8c56-12c81865758b",
              "isHook": false,
              "skipped": false
            }
          ],
          "suites": [],
          "passes": [
            "14dcb26f-b4a0-4327-8eb2-5c836acba0da",
            "58f0435f-b5d5-47a5-b1f2-2dc42f208ddb",
            "e96d92ac-a3a5-407a-bdb0-09c3061d4137"
          ],
          "failures": [],
          "pending": [],
          "skipped": [],
          "duration": 1727,
          "root": false,
          "rootEmpty": false,
          "_timeout": 2000
        }
      ],
      "passes": [],
      "failures": [],
      "pending": [],
      "skipped": [],
      "duration": 0,
      "root": true,
      "rootEmpty": true,
      "_timeout": 2000
    }
  ],
  "meta": {
    "mocha": {
      "version": "7.0.1"
    },
    "mochawesome": {
      "options": {
        "quiet": true,
        "reportFilename": "mochawesome",
        "saveHtml": false,
        "saveJson": true,
        "consoleReporter": "spec",
        "useInlineDiffs": false,
        "code": true
      },
      "version": "6.3.1"
    },
    "marge": {
      "options": {
        "id": "default",
        "reportDir": "mochawesome-report",
        "quiet": true,
        "overwrite": false,
        "html": false,
        "json": true
      },
      "version": "5.2.0"
    }
  }
}