{
  "stats": {
    "suites": 1,
    "tests": 3,
    "passes": 3,
    "pending": 0,
    "failures": 0,
    "start": "2021-10-24T14:36:55.305Z",
    "end": "2021-10-24T14:36:58.193Z",
    "duration": 2888,
    "testsRegistered": 3,
    "passPercent": 100,
    "pendingPercent": 0,
    "other": 0,
    "hasOther": false,
    "skipped": 0,
    "hasSkipped": false
  },
  "results": [
    {
      "uuid": "02014e8c-c86e-4b28-84e6-9b55a60a09cc",
      "title": "",
      "fullFile": "cypress/TestesDesafio/ValidacaoLogin.spec.js",
      "file": "cypress/TestesDesafio/ValidacaoLogin.spec.js",
      "beforeHooks": [],
      "afterHooks": [],
      "tests": [],
      "suites": [
        {
          "uuid": "70a0fceb-73e2-45c6-834d-228535aeaf37",
          "title": "Validacao_Login",
          "fullFile": "",
          "file": "",
          "beforeHooks": [],
          "afterHooks": [],
          "tests": [
            {
              "title": "Teste de validação se está passando o login, mas não está passando a senha.",
              "fullTitle": "Validacao_Login Teste de validação se está passando o login, mas não está passando a senha.",
              "timedOut": null,
              "duration": 1276,
              "state": "passed",
              "speed": "slow",
              "pass": true,
              "fail": false,
              "pending": false,
              "context": null,
              "code": "cy.request({\n  url: 'Request URL: https://api.realworld.io/api/users/login',\n  method: 'POST',\n  body: {\n    \"user\": {\n      \"email\": \"teste@mail.com\"\n    }\n  },\n  failOnStatusCode: false\n}).then(response => {\n  console.log(response.body.code);\n});",
              "err": {},
              "uuid": "19dde9e9-68f1-4e74-96aa-1f79c86878ca",
              "parentUUID": "70a0fceb-73e2-45c6-834d-228535aeaf37",
              "isHook": false,
              "skipped": false
            },
            {
              "title": "Teste de validação se a senha está sendo passado, mas o email está em branco",
              "fullTitle": "Validacao_Login Teste de validação se a senha está sendo passado, mas o email está em branco",
              "timedOut": null,
              "duration": 97,
              "state": "passed",
              "speed": "slow",
              "pass": true,
              "fail": false,
              "pending": false,
              "context": null,
              "code": "cy.request({\n  url: 'Request URL: https://api.realworld.io/api/users/login',\n  method: 'POST',\n  body: {\n    \"user\": {\n      \"email\": \"\",\n      \"password\": \"123456\"\n    }\n  },\n  failOnStatusCode: false\n}).then(response => {\n  console.log(response.body);\n});",
              "err": {},
              "uuid": "1cdda03a-bf17-4a34-a693-8f1e71ac5e7c",
              "parentUUID": "70a0fceb-73e2-45c6-834d-228535aeaf37",
              "isHook": false,
              "skipped": false
            },
            {
              "title": "Teste de acesso realizado com sucesso.",
              "fullTitle": "Validacao_Login Teste de acesso realizado com sucesso.",
              "timedOut": null,
              "duration": 1483,
              "state": "passed",
              "speed": "slow",
              "pass": true,
              "fail": false,
              "pending": false,
              "context": null,
              "code": "cy.request({\n  url: 'https://api.realworld.io/api/users/login',\n  method: 'POST',\n  body: {\n    \"user\": {\n      \"email\": \"testecadastrodesafio@mail.com\",\n      \"password\": \"123456\"\n    }\n  }\n}).then(response => {\n  console.log(response.body.user.token);\n  window.localStorage.setItem('jwtToken', response.body.user.token);\n});\ncy.visit('/');\ncy.contains('No articles are here... yet.').should('be.visible');",
              "err": {},
              "uuid": "58dde89c-4478-4ef6-b1c1-cea6b1f93ae0",
              "parentUUID": "70a0fceb-73e2-45c6-834d-228535aeaf37",
              "isHook": false,
              "skipped": false
            }
          ],
          "suites": [],
          "passes": [
            "19dde9e9-68f1-4e74-96aa-1f79c86878ca",
            "1cdda03a-bf17-4a34-a693-8f1e71ac5e7c",
            "58dde89c-4478-4ef6-b1c1-cea6b1f93ae0"
          ],
          "failures": [],
          "pending": [],
          "skipped": [],
          "duration": 2856,
          "root": false,
          "rootEmpty": false,
          "_timeout": 2000
        }
      ],
      "passes": [],
      "failures": [],
      "pending": [],
      "skipped": [],
      "duration": 0,
      "root": true,
      "rootEmpty": true,
      "_timeout": 2000
    }
  ],
  "meta": {
    "mocha": {
      "version": "7.0.1"
    },
    "mochawesome": {
      "options": {
        "quiet": true,
        "reportFilename": "mochawesome",
        "saveHtml": false,
        "saveJson": true,
        "consoleReporter": "spec",
        "useInlineDiffs": false,
        "code": true
      },
      "version": "6.3.1"
    },
    "marge": {
      "options": {
        "id": "default",
        "reportDir": "mochawesome-report",
        "quiet": true,
        "overwrite": false,
        "html": false,
        "json": true
      },
      "version": "5.2.0"
    }
  }
}